0 info it worked if it ends with ok
1 verbose cli [ '/usr/bin/node', '/usr/bin/npm', 'start' ]
2 info using npm@3.5.2
3 info using node@v8.10.0
4 verbose run-script [ 'prestart', 'start', 'poststart' ]
5 info lifecycle hacksen-graphql@1.0.0~prestart: hacksen-graphql@1.0.0
6 silly lifecycle hacksen-graphql@1.0.0~prestart: no script for prestart, continuing
7 info lifecycle hacksen-graphql@1.0.0~start: hacksen-graphql@1.0.0
8 verbose lifecycle hacksen-graphql@1.0.0~start: unsafe-perm in lifecycle true
9 verbose lifecycle hacksen-graphql@1.0.0~start: PATH: /usr/share/npm/bin/node-gyp-bin:/mnt/c/localhost/hacksen-graphql/node_modules/.bin:/home/ysumeng7/bin:/usr/local/bin:/usr/bin:/usr/local/sbin:/usr/local/bin:/usr/sbin:/usr/bin:/sbin:/bin:/usr/games:/usr/local/games:/mnt/c/Program Files (x86)/Razer Chroma SDK/bin:/mnt/c/Program Files/Razer Chroma SDK/bin:/mnt/c/Windows/System32:/mnt/c/Windows:/mnt/c/Windows/System32/wbem:/mnt/c/Windows/System32/WindowsPowerShell/v1.0:/mnt/c/Windows/System32/OpenSSH:/mnt/c/Program Files/Git/cmd:/mnt/c/Program Files/PuTTY:/mnt/c/Program Files/nodejs:/mnt/c/Program Files (x86)/Yarn/bin:/mnt/c/Program Files/NVIDIA Corporation/NVIDIA NvDLISR:/mnt/c/Program Files (x86)/NVIDIA Corporation/PhysX/Common:/mnt/c/Users/ysu_m/AppData/Local/Programs/Python/Python37-32/Scripts:/mnt/c/Users/ysu_m/AppData/Local/Programs/Python/Python37-32:/mnt/c/Users/ysu_m/AppData/Local/Microsoft/WindowsApps:/mnt/c/Users/ysu_m/AppData/Roaming/npm:/mnt/c/Users/ysu_m/AppData/Local/Yarn/bin:/mnt/c/Program Files/Microsoft VS Code/bin:/mnt/c/Users/ysu_m/AppData/Local/Programs/Python/Python37-32/Scripts:/mnt/c/Users/ysu_m/AppData/Local/Programs/Python/Python37-32:/mnt/c/Users/ysu_m/AppData/Roaming/npm:/mnt/c/Users/ysu_m/AppData/Local/Yarn/bin:/mnt/c/Users/ysu_m/AppData/Local/hyper/app-2.1.2/resources/bin
10 verbose lifecycle hacksen-graphql@1.0.0~start: CWD: /mnt/c/localhost/hacksen-graphql
11 silly lifecycle hacksen-graphql@1.0.0~start: Args: [ '-c', 'nodemon --exec babel-node index.js' ]
12 info lifecycle hacksen-graphql@1.0.0~start: Failed to exec start script
13 verbose stack Error: hacksen-graphql@1.0.0 start: `nodemon --exec babel-node index.js`
13 verbose stack spawn ENOENT
13 verbose stack     at ChildProcess.<anonymous> (/usr/share/npm/lib/utils/spawn.js:17:16)
13 verbose stack     at emitTwo (events.js:126:13)
13 verbose stack     at ChildProcess.emit (events.js:214:7)
13 verbose stack     at maybeClose (internal/child_process.js:925:16)
13 verbose stack     at Process.ChildProcess._handle.onexit (internal/child_process.js:209:5)
14 verbose pkgid hacksen-graphql@1.0.0
15 verbose cwd /mnt/c/localhost/hacksen-graphql
16 error Linux 4.4.0-17134-Microsoft
17 error argv "/usr/bin/node" "/usr/bin/npm" "start"
18 error node v8.10.0
19 error npm  v3.5.2
20 error file sh
21 error code ELIFECYCLE
22 error errno ENOENT
23 error syscall spawn
24 error hacksen-graphql@1.0.0 start: `nodemon --exec babel-node index.js`
24 error spawn ENOENT
25 error Failed at the hacksen-graphql@1.0.0 start script 'nodemon --exec babel-node index.js'.
25 error Make sure you have the latest version of node.js and npm installed.
25 error If you do, this is most likely a problem with the hacksen-graphql package,
25 error not with npm itself.
25 error Tell the author that this fails on your system:
25 error     nodemon --exec babel-node index.js
25 error You can get information on how to open an issue for this project with:
25 error     npm bugs hacksen-graphql
25 error Or if that isn't available, you can get their info via:
25 error     npm owner ls hacksen-graphql
25 error There is likely additional logging output above.
26 verbose exit [ 1, true ]
